<?xml version="1.0" encoding="UTF-8"?>
<!-- Generated by org.testng.reporters.JUnitXMLReporter -->
<testsuite hostname="Santosh-Joshi" failures="6" tests="6" name="feature" time="1.632" errors="0" timestamp="30 Apr 2021 06:12:29 GMT">
  <testcase classname="Runner.TestRunner" name="@AfterClass tearDownClass" time="0.0">
    <failure type="java.lang.NoClassDefFoundError" message="org/w3c/dom/ls/DocumentLS">
      <![CDATA[java.lang.NoClassDefFoundError: org/w3c/dom/ls/DocumentLS
	at java.base/java.lang.ClassLoader.defineClass1(Native Method)
	at java.base/java.lang.ClassLoader.defineClass(ClassLoader.java:1016)
	at java.base/java.security.SecureClassLoader.defineClass(SecureClassLoader.java:151)
	at java.base/jdk.internal.loader.BuiltinClassLoader.defineClass(BuiltinClassLoader.java:825)
	at java.base/jdk.internal.loader.BuiltinClassLoader.findClassOnClassPathOrNull(BuiltinClassLoader.java:723)
	at java.base/jdk.internal.loader.BuiltinClassLoader.loadClassOrNull(BuiltinClassLoader.java:646)
	at java.base/jdk.internal.loader.BuiltinClassLoader.loadClass(BuiltinClassLoader.java:604)
	at java.base/jdk.internal.loader.ClassLoaders$AppClassLoader.loadClass(ClassLoaders.java:168)
	at java.base/java.lang.ClassLoader.loadClass(ClassLoader.java:522)
	at org.apache.xerces.jaxp.DocumentBuilderImpl.<init>(Unknown Source)
	at org.apache.xerces.jaxp.DocumentBuilderFactoryImpl.newDocumentBuilder(Unknown Source)
	at com.aventstack.extentreports.configuration.ConfigLoader.getConfigurationHash(ConfigLoader.java:62)
	at com.aventstack.extentreports.reporter.AbstractReporter.loadXMLConfig(AbstractReporter.java:64)
	at com.cucumber.listener.Reporter.loadXMLConfig(Reporter.java:56)
	at Runner.TestRunner.tearDownClass(TestRunner.java:53)
	at java.base/java.util.concurrent.ThreadPoolExecutor.runWorker(ThreadPoolExecutor.java:1130)
	at java.base/java.util.concurrent.ThreadPoolExecutor$Worker.run(ThreadPoolExecutor.java:630)
	at java.base/java.lang.Thread.run(Thread.java:832)
Caused by: java.lang.ClassNotFoundException: org.w3c.dom.ls.DocumentLS
	at java.base/jdk.internal.loader.BuiltinClassLoader.loadClass(BuiltinClassLoader.java:606)
	at java.base/jdk.internal.loader.ClassLoaders$AppClassLoader.loadClass(ClassLoaders.java:168)
	at java.base/java.lang.ClassLoader.loadClass(ClassLoader.java:522)
	... 28 more
... Removed 10 stack frames]]>
    </failure>
  </testcase> <!-- @AfterClass tearDownClass -->
  <testcase classname="Runner.TestRunner" name="feature" time="0.156">
    <failure type="cucumber.runtime.CucumberException" message="Only one formatter can use STDOUT, now both pretty and pretty use it. If you use more than one formatter you must specify output path with PLUGIN:PATH_OR_URL">
      <![CDATA[cucumber.runtime.CucumberException: Only one formatter can use STDOUT, now both pretty and pretty use it. If you use more than one formatter you must specify output path with PLUGIN:PATH_OR_URL
	at cucumber.runtime.formatter.PluginFactory.defaultOutOrFailIfAlreadyUsed(PluginFactory.java:185)
	at cucumber.runtime.formatter.PluginFactory.convertOrNull(PluginFactory.java:144)
	at cucumber.runtime.formatter.PluginFactory.instantiate(PluginFactory.java:99)
	at cucumber.runtime.formatter.PluginFactory.create(PluginFactory.java:87)
	at cucumber.runtime.RuntimeOptions.getPlugins(RuntimeOptions.java:245)
	at cucumber.runtime.RuntimeOptions$1.invoke(RuntimeOptions.java:291)
	at com.sun.proxy.$Proxy14.uri(Unknown Source)
	at cucumber.runtime.model.CucumberFeature.run(CucumberFeature.java:160)
	at cucumber.api.testng.TestNGCucumberRunner.runCucumber(TestNGCucumberRunner.java:63)
	at Runner.TestRunner.feature(TestRunner.java:43)
	at java.base/java.util.concurrent.FutureTask.run(FutureTask.java:264)
	at java.base/java.util.concurrent.Executors$RunnableAdapter.call(Executors.java:515)
	at java.base/java.util.concurrent.FutureTask.run(FutureTask.java:264)
	at java.base/java.util.concurrent.ThreadPoolExecutor.runWorker(ThreadPoolExecutor.java:1130)
	at java.base/java.util.concurrent.ThreadPoolExecutor$Worker.run(ThreadPoolExecutor.java:630)
	at java.base/java.lang.Thread.run(Thread.java:832)
... Removed 9 stack frames]]>
    </failure>
  </testcase> <!-- feature -->
  <testcase classname="Runner.TestRunner" name="feature" time="0.152">
    <failure type="cucumber.runtime.CucumberException" message="Only one formatter can use STDOUT, now both pretty and pretty use it. If you use more than one formatter you must specify output path with PLUGIN:PATH_OR_URL">
      <![CDATA[cucumber.runtime.CucumberException: Only one formatter can use STDOUT, now both pretty and pretty use it. If you use more than one formatter you must specify output path with PLUGIN:PATH_OR_URL
	at cucumber.runtime.formatter.PluginFactory.defaultOutOrFailIfAlreadyUsed(PluginFactory.java:185)
	at cucumber.runtime.formatter.PluginFactory.convertOrNull(PluginFactory.java:144)
	at cucumber.runtime.formatter.PluginFactory.instantiate(PluginFactory.java:99)
	at cucumber.runtime.formatter.PluginFactory.create(PluginFactory.java:87)
	at cucumber.runtime.RuntimeOptions.getPlugins(RuntimeOptions.java:245)
	at cucumber.runtime.RuntimeOptions$1.invoke(RuntimeOptions.java:291)
	at com.sun.proxy.$Proxy14.uri(Unknown Source)
	at cucumber.runtime.model.CucumberFeature.run(CucumberFeature.java:160)
	at cucumber.api.testng.TestNGCucumberRunner.runCucumber(TestNGCucumberRunner.java:63)
	at Runner.TestRunner.feature(TestRunner.java:43)
	at java.base/java.util.concurrent.FutureTask.run(FutureTask.java:264)
	at java.base/java.util.concurrent.Executors$RunnableAdapter.call(Executors.java:515)
	at java.base/java.util.concurrent.FutureTask.run(FutureTask.java:264)
	at java.base/java.util.concurrent.ThreadPoolExecutor.runWorker(ThreadPoolExecutor.java:1130)
	at java.base/java.util.concurrent.ThreadPoolExecutor$Worker.run(ThreadPoolExecutor.java:630)
	at java.base/java.lang.Thread.run(Thread.java:832)
... Removed 9 stack frames]]>
    </failure>
  </testcase> <!-- feature -->
  <testcase classname="Runner.TestRunner" name="feature" time="0.215">
    <failure type="cucumber.runtime.CucumberException" message="Only one formatter can use STDOUT, now both pretty and pretty use it. If you use more than one formatter you must specify output path with PLUGIN:PATH_OR_URL">
      <![CDATA[cucumber.runtime.CucumberException: Only one formatter can use STDOUT, now both pretty and pretty use it. If you use more than one formatter you must specify output path with PLUGIN:PATH_OR_URL
	at cucumber.runtime.formatter.PluginFactory.defaultOutOrFailIfAlreadyUsed(PluginFactory.java:185)
	at cucumber.runtime.formatter.PluginFactory.convertOrNull(PluginFactory.java:144)
	at cucumber.runtime.formatter.PluginFactory.instantiate(PluginFactory.java:99)
	at cucumber.runtime.formatter.PluginFactory.create(PluginFactory.java:87)
	at cucumber.runtime.RuntimeOptions.getPlugins(RuntimeOptions.java:245)
	at cucumber.runtime.RuntimeOptions$1.invoke(RuntimeOptions.java:291)
	at com.sun.proxy.$Proxy14.uri(Unknown Source)
	at cucumber.runtime.model.CucumberFeature.run(CucumberFeature.java:160)
	at cucumber.api.testng.TestNGCucumberRunner.runCucumber(TestNGCucumberRunner.java:63)
	at Runner.TestRunner.feature(TestRunner.java:43)
	at java.base/java.util.concurrent.FutureTask.run(FutureTask.java:264)
	at java.base/java.util.concurrent.Executors$RunnableAdapter.call(Executors.java:515)
	at java.base/java.util.concurrent.FutureTask.run(FutureTask.java:264)
	at java.base/java.util.concurrent.ThreadPoolExecutor.runWorker(ThreadPoolExecutor.java:1130)
	at java.base/java.util.concurrent.ThreadPoolExecutor$Worker.run(ThreadPoolExecutor.java:630)
	at java.base/java.lang.Thread.run(Thread.java:832)
... Removed 9 stack frames]]>
    </failure>
  </testcase> <!-- feature -->
  <testcase classname="Runner.TestRunner" name="feature" time="0.229">
    <failure type="cucumber.runtime.CucumberException" message="Only one formatter can use STDOUT, now both pretty and pretty use it. If you use more than one formatter you must specify output path with PLUGIN:PATH_OR_URL">
      <![CDATA[cucumber.runtime.CucumberException: Only one formatter can use STDOUT, now both pretty and pretty use it. If you use more than one formatter you must specify output path with PLUGIN:PATH_OR_URL
	at cucumber.runtime.formatter.PluginFactory.defaultOutOrFailIfAlreadyUsed(PluginFactory.java:185)
	at cucumber.runtime.formatter.PluginFactory.convertOrNull(PluginFactory.java:144)
	at cucumber.runtime.formatter.PluginFactory.instantiate(PluginFactory.java:99)
	at cucumber.runtime.formatter.PluginFactory.create(PluginFactory.java:87)
	at cucumber.runtime.RuntimeOptions.getPlugins(RuntimeOptions.java:245)
	at cucumber.runtime.RuntimeOptions$1.invoke(RuntimeOptions.java:291)
	at com.sun.proxy.$Proxy14.uri(Unknown Source)
	at cucumber.runtime.model.CucumberFeature.run(CucumberFeature.java:160)
	at cucumber.api.testng.TestNGCucumberRunner.runCucumber(TestNGCucumberRunner.java:63)
	at Runner.TestRunner.feature(TestRunner.java:43)
	at java.base/java.util.concurrent.FutureTask.run(FutureTask.java:264)
	at java.base/java.util.concurrent.Executors$RunnableAdapter.call(Executors.java:515)
	at java.base/java.util.concurrent.FutureTask.run(FutureTask.java:264)
	at java.base/java.util.concurrent.ThreadPoolExecutor.runWorker(ThreadPoolExecutor.java:1130)
	at java.base/java.util.concurrent.ThreadPoolExecutor$Worker.run(ThreadPoolExecutor.java:630)
	at java.base/java.lang.Thread.run(Thread.java:832)
... Removed 9 stack frames]]>
    </failure>
  </testcase> <!-- feature -->
  <testcase classname="Runner.TestRunner" name="feature" time="0.267">
    <failure type="java.util.ConcurrentModificationException">
      <![CDATA[java.util.ConcurrentModificationException
	at java.base/java.util.ArrayList$Itr.checkForComodification(ArrayList.java:1013)
	at java.base/java.util.ArrayList$Itr.next(ArrayList.java:967)
	at cucumber.runtime.RuntimeOptions$1.invoke(RuntimeOptions.java:291)
	at com.sun.proxy.$Proxy14.uri(Unknown Source)
	at cucumber.runtime.model.CucumberFeature.run(CucumberFeature.java:160)
	at cucumber.api.testng.TestNGCucumberRunner.runCucumber(TestNGCucumberRunner.java:63)
	at Runner.TestRunner.feature(TestRunner.java:43)
	at java.base/java.util.concurrent.FutureTask.run(FutureTask.java:264)
	at java.base/java.util.concurrent.Executors$RunnableAdapter.call(Executors.java:515)
	at java.base/java.util.concurrent.FutureTask.run(FutureTask.java:264)
	at java.base/java.util.concurrent.ThreadPoolExecutor.runWorker(ThreadPoolExecutor.java:1130)
	at java.base/java.util.concurrent.ThreadPoolExecutor$Worker.run(ThreadPoolExecutor.java:630)
	at java.base/java.lang.Thread.run(Thread.java:832)
... Removed 9 stack frames]]>
    </failure>
  </testcase> <!-- feature -->
  <testcase classname="Runner.TestRunner" name="feature" time="0.485">
    <failure type="cucumber.runtime.CucumberException" message="Only one formatter can use STDOUT, now both pretty and pretty use it. If you use more than one formatter you must specify output path with PLUGIN:PATH_OR_URL">
      <![CDATA[cucumber.runtime.CucumberException: Only one formatter can use STDOUT, now both pretty and pretty use it. If you use more than one formatter you must specify output path with PLUGIN:PATH_OR_URL
	at cucumber.runtime.formatter.PluginFactory.defaultOutOrFailIfAlreadyUsed(PluginFactory.java:185)
	at cucumber.runtime.formatter.PluginFactory.convertOrNull(PluginFactory.java:144)
	at cucumber.runtime.formatter.PluginFactory.instantiate(PluginFactory.java:99)
	at cucumber.runtime.formatter.PluginFactory.create(PluginFactory.java:87)
	at cucumber.runtime.RuntimeOptions.getPlugins(RuntimeOptions.java:245)
	at cucumber.runtime.RuntimeOptions$1.invoke(RuntimeOptions.java:291)
	at com.sun.proxy.$Proxy14.uri(Unknown Source)
	at cucumber.runtime.model.CucumberFeature.run(CucumberFeature.java:160)
	at cucumber.api.testng.TestNGCucumberRunner.runCucumber(TestNGCucumberRunner.java:63)
	at Runner.TestRunner.feature(TestRunner.java:43)
	at java.base/java.util.concurrent.FutureTask.run(FutureTask.java:264)
	at java.base/java.util.concurrent.Executors$RunnableAdapter.call(Executors.java:515)
	at java.base/java.util.concurrent.FutureTask.run(FutureTask.java:264)
	at java.base/java.util.concurrent.ThreadPoolExecutor.runWorker(ThreadPoolExecutor.java:1130)
	at java.base/java.util.concurrent.ThreadPoolExecutor$Worker.run(ThreadPoolExecutor.java:630)
	at java.base/java.lang.Thread.run(Thread.java:832)
... Removed 9 stack frames]]>
    </failure>
  </testcase> <!-- feature -->
</testsuite> <!-- feature -->
